<?xml version="1.0" encoding="UTF-8"?>
<!-- Generated by org.testng.reporters.JUnitXMLReporter -->
<testsuite ignored="0" hostname="Akash" failures="0" tests="4" name="Default test" time="47.079" errors="0" timestamp="2023-09-06T17:41:20 IST">
  <testcase classname="test.CartdetailPageTest" name="verifyCustomerIsAbleToAddProductToCart" time="3.706"/>
  <testcase classname="test.CartdetailPageTest" name="verifyCustomerIsAbleToClickContinewShopping" time="3.239"/>
  <testcase classname="test.CartdetailPageTest" name="verifyIfCutomerIsAbleToRemoveProductFromCart" time="3.189"/>
  <testcase classname="test.CartdetailPageTest" name="verifyIfCustomerIsAbletoProceedToCheckout" time="24.012"/>
</testsuite> <!-- Default test -->
