<?xml version="1.0" encoding="UTF-8"?>
<testng-results ignored="0" total="1" passed="1" failed="0" skipped="0">
  <reporter-output>
  </reporter-output>
  <suite started-at="2023-09-02T15:45:50 IST" name="Default suite" finished-at="2023-09-02T15:45:56 IST" duration-ms="6210">
    <groups>
    </groups>
    <test started-at="2023-09-02T15:45:50 IST" name="Default test" finished-at="2023-09-02T15:45:56 IST" duration-ms="6210">
      <class name="test.ShoppingCategoriesTest">
        <test-method is-config="true" signature="openBrowser()[pri:0, instance:test.ShoppingCategoriesTest@62379589]" started-at="2023-09-02T15:45:50 IST" name="openBrowser" finished-at="2023-09-02T15:45:55 IST" duration-ms="5010" status="PASS">
          <reporter-output>
          </reporter-output>
        </test-method> <!-- openBrowser -->
        <test-method signature="moveToCategory()[pri:0, instance:test.ShoppingCategoriesTest@62379589]" started-at="2023-09-02T15:45:55 IST" name="moveToCategory" finished-at="2023-09-02T15:45:56 IST" duration-ms="1132" status="PASS">
          <reporter-output>
          </reporter-output>
        </test-method> <!-- moveToCategory -->
      </class> <!-- test.ShoppingCategoriesTest -->
    </test> <!-- Default test -->
  </suite> <!-- Default suite -->
</testng-results>
